<?xml version="1.0" encoding="UTF-8"?>
<!-- Generated by org.testng.reporters.JUnitReportReporter -->
<testsuite hostname="INLEN8520046720" failures="0" tests="1" name="com.steps.Scenario4" time="51.306" errors="0" timestamp="9 Jan 2023 20:24:19 GMT">
  <testcase classname="com.steps.Scenario4" name="f" time="51.306"/>
</testsuite>
