<?xml version="1.0" encoding="UTF-8"?>
<!-- Generated by org.testng.reporters.JUnitReportReporter -->
<testsuite hostname="INLEN8520046720" failures="0" tests="1" name="com.steps.Scenario4" time="72.705" errors="0" timestamp="9 Jan 2023 13:23:45 GMT">
  <testcase classname="com.steps.Scenario4" name="f" time="72.705"/>
</testsuite>
