<?xml version="1.0" encoding="UTF-8"?>
<!-- Generated by org.testng.reporters.JUnitReportReporter -->
<testsuite hostname="INLEN8520046720" failures="0" tests="1" name="com.steps.Scenario5" time="57.639" errors="0" timestamp="10 Jan 2023 07:19:31 GMT">
  <testcase classname="com.steps.Scenario5" name="Scenario" time="57.639"/>
</testsuite>
